Using pre-set license
Built from '2020.3/release' branch; Version is '2020.3.7f1 (dd97f2c94397) revision 14522354'; Using compiler version '192528614'; Build Type 'Release'
OS: 'Windows 10 Home Single Language; OS build 22000.348; Version 2009; 64bit' Language: 'ru' Physical Memory: 15792 MB
BatchMode: 1, IsHumanControllingUs: 0, StartBugReporterOnCrash: 0, Is64bit: 1, IsPro: 0

 COMMAND LINE ARGUMENTS:
C:\Program Files\Unity\2020.3.7f1\Editor\Unity.exe
-adb2
-batchMode
-noUpm
-name
AssetImportWorker0
-projectPath
C:/Users/arrit/Documents/GitHub/Data-Persistence-Project-2
-logFile
Logs/AssetImportWorker0.log
-srvPort
49986
Successfully changed project path to: C:/Users/arrit/Documents/GitHub/Data-Persistence-Project-2
C:/Users/arrit/Documents/GitHub/Data-Persistence-Project-2
Using Asset Import Pipeline V2.
Refreshing native plugins compatible for Editor in 28.16 ms, found 0 plugins.
Preloading 0 native plugins for Editor in 0.00 ms.
Initialize engine version: 2020.3.7f1 (dd97f2c94397)
[Subsystems] Discovering subsystems at path C:/Program Files/Unity/2020.3.7f1/Editor/Data/Resources/UnitySubsystems
[Subsystems] Discovering subsystems at path C:/Users/arrit/Documents/GitHub/Data-Persistence-Project-2/Assets
GfxDevice: creating device client; threaded=0
Direct3D:
    Version:  Direct3D 11.0 [level 11.1]
    Renderer: NVIDIA GeForce RTX 3060 Laptop GPU (ID=0x2520)
    Vendor:   
    VRAM:     6023 MB
    Driver:   30.0.14.9709
Shader 'Universal Render Pipeline/Particles/Lit': fallback shader 'Universal Render Pipeline/Particles/SimpleLit' not found
Initialize mono
Mono path[0] = 'C:/Program Files/Unity/2020.3.7f1/Editor/Data/Managed'
Mono path[1] = 'C:/Program Files/Unity/2020.3.7f1/Editor/Data/MonoBleedingEdge/lib/mono/unityjit'
Mono config path = 'C:/Program Files/Unity/2020.3.7f1/Editor/Data/MonoBleedingEdge/etc'
Using monoOptions --debugger-agent=transport=dt_socket,embedding=1,server=y,suspend=n,address=127.0.0.1:56372
Begin MonoManager ReloadAssembly
Registering precompiled unity dll's ...
Register platform support module: C:/Program Files/Unity/2020.3.7f1/Editor/Data/PlaybackEngines/WindowsStandaloneSupport/UnityEditor.WindowsStandalone.Extensions.dll
Registered in 0.001097 seconds.
Native extension for WindowsStandalone target not found
Refreshing native plugins compatible for Editor in 31.21 ms, found 0 plugins.
Preloading 0 native plugins for Editor in 0.00 ms.
Mono: successfully reloaded assembly
- Completed reload, in  0.727 seconds
Platform modules already initialized, skipping
Registering precompiled user dll's ...
Registered in 0.000918 seconds.
Begin MonoManager ReloadAssembly
Native extension for WindowsStandalone target not found
Refreshing native plugins compatible for Editor in 32.65 ms, found 0 plugins.
Preloading 0 native plugins for Editor in 0.00 ms.
Mono: successfully reloaded assembly
- Completed reload, in  0.621 seconds
Platform modules already initialized, skipping
========================================================================
Worker process is ready to serve import requests
Shader 'Universal Render Pipeline/Particles/Lit': fallback shader 'Universal Render Pipeline/Particles/SimpleLit' not found
Launched and connected shader compiler UnityShaderCompiler.exe after 0.02 seconds
Refreshing native plugins compatible for Editor in 0.44 ms, found 0 plugins.
Preloading 0 native plugins for Editor in 0.00 ms.
Unloading 2470 Unused Serialized files (Serialized files now loaded: 0)
System memory in use before: 116.8 MB.
System memory in use after: 116.9 MB.

Unloading 10 unused Assets to reduce memory usage. Loaded Objects now: 2912.
Total: 2.179200 ms (FindLiveObjects: 0.301800 ms CreateObjectMapping: 0.124700 ms MarkObjects: 1.687900 ms  DeleteObjects: 0.063500 ms)

========================================================================
Received Import Request.
  path: Assets/Scenes/menu.unity
  artifactKey: Guid(722b5d536aed14e4298bf9d49a249321) Importer(815301076,1909f56bfc062723c751e8b465ee728b)
Start importing Assets/Scenes/menu.unity using Guid(722b5d536aed14e4298bf9d49a249321) Importer(815301076,1909f56bfc062723c751e8b465ee728b)  -> (artifact id: '45117360f451450068443971e8db835d') in 0.015808 seconds
  Import took 0.019584 seconds .

========================================================================
Received Import Request.
  Time since last request: 18.411803 seconds.
  path: Assets/Scripts/GameManager.cs
  artifactKey: Guid(675e474a05c47a342b17b9c00c72eb90) Importer(815301076,1909f56bfc062723c751e8b465ee728b)
Start importing Assets/Scripts/GameManager.cs using Guid(675e474a05c47a342b17b9c00c72eb90) Importer(815301076,1909f56bfc062723c751e8b465ee728b)  -> (artifact id: '252d04b708a87e80e256bd1884b264b2') in 0.036807 seconds
  Import took 0.040506 seconds .

========================================================================
Received Prepare
Registering precompiled user dll's ...
Registered in 0.000864 seconds.
Begin MonoManager ReloadAssembly
Native extension for WindowsStandalone target not found
Refreshing native plugins compatible for Editor in 0.42 ms, found 0 plugins.
Preloading 0 native plugins for Editor in 0.00 ms.
Mono: successfully reloaded assembly
- Completed reload, in  0.594 seconds
Platform modules already initialized, skipping
Shader 'Universal Render Pipeline/Particles/Lit': fallback shader 'Universal Render Pipeline/Particles/SimpleLit' not found
Refreshing native plugins compatible for Editor in 0.41 ms, found 0 plugins.
Preloading 0 native plugins for Editor in 0.00 ms.
Unloading 2348 Unused Serialized files (Serialized files now loaded: 0)
System memory in use before: 108.6 MB.
System memory in use after: 108.8 MB.

Unloading 5 unused Assets to reduce memory usage. Loaded Objects now: 2915.
Total: 1.838600 ms (FindLiveObjects: 0.238500 ms CreateObjectMapping: 0.071500 ms MarkObjects: 1.515500 ms  DeleteObjects: 0.012100 ms)

========================================================================
Received Prepare
Registering precompiled user dll's ...
Registered in 0.001023 seconds.
Begin MonoManager ReloadAssembly
Native extension for WindowsStandalone target not found
Refreshing native plugins compatible for Editor in 0.40 ms, found 0 plugins.
Preloading 0 native plugins for Editor in 0.00 ms.
Mono: successfully reloaded assembly
- Completed reload, in  0.590 seconds
Platform modules already initialized, skipping
Shader 'Universal Render Pipeline/Particles/Lit': fallback shader 'Universal Render Pipeline/Particles/SimpleLit' not found
Refreshing native plugins compatible for Editor in 0.40 ms, found 0 plugins.
Preloading 0 native plugins for Editor in 0.00 ms.
Unloading 2348 Unused Serialized files (Serialized files now loaded: 0)
System memory in use before: 108.6 MB.
System memory in use after: 108.8 MB.

Unloading 5 unused Assets to reduce memory usage. Loaded Objects now: 2918.
Total: 2.510400 ms (FindLiveObjects: 0.528900 ms CreateObjectMapping: 0.091400 ms MarkObjects: 1.876000 ms  DeleteObjects: 0.012800 ms)

========================================================================
Received Prepare
Registering precompiled user dll's ...
Registered in 0.000895 seconds.
Begin MonoManager ReloadAssembly
Native extension for WindowsStandalone target not found
Refreshing native plugins compatible for Editor in 0.41 ms, found 0 plugins.
Preloading 0 native plugins for Editor in 0.00 ms.
Mono: successfully reloaded assembly
- Completed reload, in  0.585 seconds
Platform modules already initialized, skipping
Shader 'Universal Render Pipeline/Particles/Lit': fallback shader 'Universal Render Pipeline/Particles/SimpleLit' not found
Refreshing native plugins compatible for Editor in 0.47 ms, found 0 plugins.
Preloading 0 native plugins for Editor in 0.00 ms.
Unloading 2348 Unused Serialized files (Serialized files now loaded: 0)
System memory in use before: 108.6 MB.
System memory in use after: 108.9 MB.

Unloading 5 unused Assets to reduce memory usage. Loaded Objects now: 2921.
Total: 1.923200 ms (FindLiveObjects: 0.223400 ms CreateObjectMapping: 0.086500 ms MarkObjects: 1.600200 ms  DeleteObjects: 0.011900 ms)

========================================================================
Received Prepare
Registering precompiled user dll's ...
Registered in 0.001134 seconds.
Begin MonoManager ReloadAssembly
Native extension for WindowsStandalone target not found
Refreshing native plugins compatible for Editor in 0.42 ms, found 0 plugins.
Preloading 0 native plugins for Editor in 0.00 ms.
Mono: successfully reloaded assembly
- Completed reload, in  0.569 seconds
Platform modules already initialized, skipping
Shader 'Universal Render Pipeline/Particles/Lit': fallback shader 'Universal Render Pipeline/Particles/SimpleLit' not found
Refreshing native plugins compatible for Editor in 0.40 ms, found 0 plugins.
Preloading 0 native plugins for Editor in 0.00 ms.
Unloading 2348 Unused Serialized files (Serialized files now loaded: 0)
System memory in use before: 108.7 MB.
System memory in use after: 108.9 MB.

Unloading 5 unused Assets to reduce memory usage. Loaded Objects now: 2924.
Total: 2.887600 ms (FindLiveObjects: 0.397900 ms CreateObjectMapping: 0.119800 ms MarkObjects: 2.350000 ms  DeleteObjects: 0.018900 ms)

========================================================================
Received Import Request.
  Time since last request: 1047.779184 seconds.
  path: Assets/Prefabs/BrickPrefab.prefab
  artifactKey: Guid(63f25b9733d2bcd4fa2ff6de1264c739) Importer(815301076,1909f56bfc062723c751e8b465ee728b)
Start importing Assets/Prefabs/BrickPrefab.prefab using Guid(63f25b9733d2bcd4fa2ff6de1264c739) Importer(815301076,1909f56bfc062723c751e8b465ee728b)  -> (artifact id: 'f53dab379eca8989fd20ba0207039392') in 0.154088 seconds
  Import took 0.158022 seconds .

========================================================================
Received Import Request.
  Time since last request: 3.124058 seconds.
  path: Assets/Prefabs/GameManager.prefab
  artifactKey: Guid(d0d92a59ffc58bf4fb29a1d7aaf21236) Importer(815301076,1909f56bfc062723c751e8b465ee728b)
Start importing Assets/Prefabs/GameManager.prefab using Guid(d0d92a59ffc58bf4fb29a1d7aaf21236) Importer(815301076,1909f56bfc062723c751e8b465ee728b)  -> (artifact id: 'c9fa939fff4049658537952e283acd6d') in 0.003681 seconds
  Import took 0.007115 seconds .

========================================================================
Received Import Request.
  Time since last request: 0.012129 seconds.
  path: Assets/Prefabs/GameManager.prefab
  artifactKey: Guid(d0d92a59ffc58bf4fb29a1d7aaf21236) Importer(815301076,1909f56bfc062723c751e8b465ee728b)
Start importing Assets/Prefabs/GameManager.prefab using Guid(d0d92a59ffc58bf4fb29a1d7aaf21236) Importer(815301076,1909f56bfc062723c751e8b465ee728b)  -> (artifact id: 'c9fa939fff4049658537952e283acd6d') in 0.004235 seconds
  Import took 0.007797 seconds .

========================================================================
Received Prepare
Registering precompiled user dll's ...
Registered in 0.000946 seconds.
Begin MonoManager ReloadAssembly
Native extension for WindowsStandalone target not found
Refreshing native plugins compatible for Editor in 0.45 ms, found 0 plugins.
Preloading 0 native plugins for Editor in 0.00 ms.
Mono: successfully reloaded assembly
- Completed reload, in  0.611 seconds
Platform modules already initialized, skipping
Shader 'Universal Render Pipeline/Particles/Lit': fallback shader 'Universal Render Pipeline/Particles/SimpleLit' not found
Refreshing native plugins compatible for Editor in 0.40 ms, found 0 plugins.
Preloading 0 native plugins for Editor in 0.00 ms.
Unloading 2348 Unused Serialized files (Serialized files now loaded: 0)
System memory in use before: 113.8 MB.
System memory in use after: 114.0 MB.

Unloading 5 unused Assets to reduce memory usage. Loaded Objects now: 2973.
Total: 2.655300 ms (FindLiveObjects: 0.455900 ms CreateObjectMapping: 0.091200 ms MarkObjects: 2.091400 ms  DeleteObjects: 0.015700 ms)

========================================================================
Received Import Request.
  Time since last request: 52.887366 seconds.
  path: Assets/Scenes/main.unity
  artifactKey: Guid(78a510c781f19db4da14f78ebb30946a) Importer(815301076,1909f56bfc062723c751e8b465ee728b)
Start importing Assets/Scenes/main.unity using Guid(78a510c781f19db4da14f78ebb30946a) Importer(815301076,1909f56bfc062723c751e8b465ee728b)  -> (artifact id: 'ee749c8638766fec2665ade542f4918f') in 0.018662 seconds
  Import took 0.022218 seconds .

========================================================================
Received Prepare
Registering precompiled user dll's ...
Registered in 0.000889 seconds.
Begin MonoManager ReloadAssembly
Native extension for WindowsStandalone target not found
Refreshing native plugins compatible for Editor in 0.44 ms, found 0 plugins.
Preloading 0 native plugins for Editor in 0.00 ms.
Mono: successfully reloaded assembly
- Completed reload, in  0.591 seconds
Platform modules already initialized, skipping
Shader 'Universal Render Pipeline/Particles/Lit': fallback shader 'Universal Render Pipeline/Particles/SimpleLit' not found
Refreshing native plugins compatible for Editor in 0.43 ms, found 0 plugins.
Preloading 0 native plugins for Editor in 0.00 ms.
Unloading 2348 Unused Serialized files (Serialized files now loaded: 0)
System memory in use before: 113.9 MB.
System memory in use after: 114.1 MB.

Unloading 5 unused Assets to reduce memory usage. Loaded Objects now: 2976.
Total: 2.315700 ms (FindLiveObjects: 0.425900 ms CreateObjectMapping: 0.082600 ms MarkObjects: 1.792700 ms  DeleteObjects: 0.013400 ms)

========================================================================
Received Import Request.
  Time since last request: 36.067062 seconds.
  path: Assets/Scenes/menu.unity
  artifactKey: Guid(722b5d536aed14e4298bf9d49a249321) Importer(815301076,1909f56bfc062723c751e8b465ee728b)
Start importing Assets/Scenes/menu.unity using Guid(722b5d536aed14e4298bf9d49a249321) Importer(815301076,1909f56bfc062723c751e8b465ee728b)  -> (artifact id: '097d02267cec73b5d93eac1ea76e0921') in 0.017274 seconds
  Import took 0.020754 seconds .

========================================================================
Received Prepare
Registering precompiled user dll's ...
Registered in 0.000895 seconds.
Begin MonoManager ReloadAssembly
Native extension for WindowsStandalone target not found
Refreshing native plugins compatible for Editor in 0.41 ms, found 0 plugins.
Preloading 0 native plugins for Editor in 0.00 ms.
Mono: successfully reloaded assembly
- Completed reload, in  0.576 seconds
Platform modules already initialized, skipping
Shader 'Universal Render Pipeline/Particles/Lit': fallback shader 'Universal Render Pipeline/Particles/SimpleLit' not found
Refreshing native plugins compatible for Editor in 0.40 ms, found 0 plugins.
Preloading 0 native plugins for Editor in 0.00 ms.
Unloading 2348 Unused Serialized files (Serialized files now loaded: 0)
System memory in use before: 113.9 MB.
System memory in use after: 114.2 MB.

Unloading 5 unused Assets to reduce memory usage. Loaded Objects now: 2979.
Total: 2.427600 ms (FindLiveObjects: 0.434600 ms CreateObjectMapping: 0.083600 ms MarkObjects: 1.884500 ms  DeleteObjects: 0.023900 ms)

========================================================================
Received Prepare
Registering precompiled user dll's ...
Registered in 0.000917 seconds.
Begin MonoManager ReloadAssembly
Native extension for WindowsStandalone target not found
Refreshing native plugins compatible for Editor in 0.41 ms, found 0 plugins.
Preloading 0 native plugins for Editor in 0.00 ms.
Mono: successfully reloaded assembly
- Completed reload, in  0.610 seconds
Platform modules already initialized, skipping
Shader 'Universal Render Pipeline/Particles/Lit': fallback shader 'Universal Render Pipeline/Particles/SimpleLit' not found
Refreshing native plugins compatible for Editor in 0.39 ms, found 0 plugins.
Preloading 0 native plugins for Editor in 0.00 ms.
Unloading 2348 Unused Serialized files (Serialized files now loaded: 0)
System memory in use before: 113.9 MB.
System memory in use after: 114.2 MB.

Unloading 5 unused Assets to reduce memory usage. Loaded Objects now: 2982.
Total: 2.298000 ms (FindLiveObjects: 0.395200 ms CreateObjectMapping: 0.091000 ms MarkObjects: 1.794700 ms  DeleteObjects: 0.015200 ms)

========================================================================
Received Prepare
Registering precompiled user dll's ...
Registered in 0.000895 seconds.
Begin MonoManager ReloadAssembly
Native extension for WindowsStandalone target not found
Refreshing native plugins compatible for Editor in 0.42 ms, found 0 plugins.
Preloading 0 native plugins for Editor in 0.00 ms.
Mono: successfully reloaded assembly
- Completed reload, in  0.629 seconds
Platform modules already initialized, skipping
Shader 'Universal Render Pipeline/Particles/Lit': fallback shader 'Universal Render Pipeline/Particles/SimpleLit' not found
Refreshing native plugins compatible for Editor in 0.40 ms, found 0 plugins.
Preloading 0 native plugins for Editor in 0.00 ms.
Unloading 2348 Unused Serialized files (Serialized files now loaded: 0)
System memory in use before: 114.0 MB.
System memory in use after: 114.2 MB.

Unloading 5 unused Assets to reduce memory usage. Loaded Objects now: 2985.
Total: 1.942100 ms (FindLiveObjects: 0.279000 ms CreateObjectMapping: 0.076200 ms MarkObjects: 1.570800 ms  DeleteObjects: 0.014600 ms)

========================================================================
Received Prepare
Registering precompiled user dll's ...
Registered in 0.000917 seconds.
Begin MonoManager ReloadAssembly
Native extension for WindowsStandalone target not found
Refreshing native plugins compatible for Editor in 0.47 ms, found 0 plugins.
Preloading 0 native plugins for Editor in 0.00 ms.
Mono: successfully reloaded assembly
- Completed reload, in  0.611 seconds
Platform modules already initialized, skipping
Shader 'Universal Render Pipeline/Particles/Lit': fallback shader 'Universal Render Pipeline/Particles/SimpleLit' not found
Refreshing native plugins compatible for Editor in 0.43 ms, found 0 plugins.
Preloading 0 native plugins for Editor in 0.00 ms.
Unloading 2348 Unused Serialized files (Serialized files now loaded: 0)
System memory in use before: 113.9 MB.
System memory in use after: 114.1 MB.

Unloading 5 unused Assets to reduce memory usage. Loaded Objects now: 2988.
Total: 2.394300 ms (FindLiveObjects: 0.291400 ms CreateObjectMapping: 0.066300 ms MarkObjects: 2.016100 ms  DeleteObjects: 0.019500 ms)

========================================================================
Received Prepare
Registering precompiled user dll's ...
Registered in 0.000974 seconds.
Begin MonoManager ReloadAssembly
Native extension for WindowsStandalone target not found
Refreshing native plugins compatible for Editor in 0.44 ms, found 0 plugins.
Preloading 0 native plugins for Editor in 0.00 ms.
Mono: successfully reloaded assembly
- Completed reload, in  0.589 seconds
Platform modules already initialized, skipping
Shader 'Universal Render Pipeline/Particles/Lit': fallback shader 'Universal Render Pipeline/Particles/SimpleLit' not found
Refreshing native plugins compatible for Editor in 0.40 ms, found 0 plugins.
Preloading 0 native plugins for Editor in 0.00 ms.
Unloading 2348 Unused Serialized files (Serialized files now loaded: 0)
System memory in use before: 114.0 MB.
System memory in use after: 114.2 MB.

Unloading 5 unused Assets to reduce memory usage. Loaded Objects now: 2991.
Total: 2.396300 ms (FindLiveObjects: 0.390900 ms CreateObjectMapping: 0.083100 ms MarkObjects: 1.896500 ms  DeleteObjects: 0.024200 ms)

========================================================================
Received Prepare
Registering precompiled user dll's ...
Registered in 0.000872 seconds.
Begin MonoManager ReloadAssembly
Native extension for WindowsStandalone target not found
Refreshing native plugins compatible for Editor in 0.52 ms, found 0 plugins.
Preloading 0 native plugins for Editor in 0.00 ms.
Mono: successfully reloaded assembly
- Completed reload, in  0.596 seconds
Platform modules already initialized, skipping
Shader 'Universal Render Pipeline/Particles/Lit': fallback shader 'Universal Render Pipeline/Particles/SimpleLit' not found
Refreshing native plugins compatible for Editor in 0.42 ms, found 0 plugins.
Preloading 0 native plugins for Editor in 0.00 ms.
Unloading 2348 Unused Serialized files (Serialized files now loaded: 0)
System memory in use before: 114.0 MB.
System memory in use after: 114.2 MB.

Unloading 5 unused Assets to reduce memory usage. Loaded Objects now: 2994.
Total: 2.603000 ms (FindLiveObjects: 0.522900 ms CreateObjectMapping: 0.092200 ms MarkObjects: 1.969700 ms  DeleteObjects: 0.016700 ms)

========================================================================
Received Prepare
Registering precompiled user dll's ...
Registered in 0.000950 seconds.
Begin MonoManager ReloadAssembly
Native extension for WindowsStandalone target not found
Refreshing native plugins compatible for Editor in 0.45 ms, found 0 plugins.
Preloading 0 native plugins for Editor in 0.00 ms.
Mono: successfully reloaded assembly
- Completed reload, in  0.621 seconds
Platform modules already initialized, skipping
Shader 'Universal Render Pipeline/Particles/Lit': fallback shader 'Universal Render Pipeline/Particles/SimpleLit' not found
Refreshing native plugins compatible for Editor in 0.40 ms, found 0 plugins.
Preloading 0 native plugins for Editor in 0.00 ms.
Unloading 2348 Unused Serialized files (Serialized files now loaded: 0)
System memory in use before: 114.0 MB.
System memory in use after: 114.2 MB.

Unloading 5 unused Assets to reduce memory usage. Loaded Objects now: 2997.
Total: 2.095200 ms (FindLiveObjects: 0.320900 ms CreateObjectMapping: 0.139000 ms MarkObjects: 1.620900 ms  DeleteObjects: 0.013500 ms)

========================================================================
Received Prepare
Registering precompiled user dll's ...
Registered in 0.001179 seconds.
Begin MonoManager ReloadAssembly
Native extension for WindowsStandalone target not found
Refreshing native plugins compatible for Editor in 0.43 ms, found 0 plugins.
Preloading 0 native plugins for Editor in 0.00 ms.
Mono: successfully reloaded assembly
- Completed reload, in  0.595 seconds
Platform modules already initialized, skipping
Shader 'Universal Render Pipeline/Particles/Lit': fallback shader 'Universal Render Pipeline/Particles/SimpleLit' not found
Refreshing native plugins compatible for Editor in 0.43 ms, found 0 plugins.
Preloading 0 native plugins for Editor in 0.00 ms.
Unloading 2348 Unused Serialized files (Serialized files now loaded: 0)
System memory in use before: 114.0 MB.
System memory in use after: 114.2 MB.

Unloading 5 unused Assets to reduce memory usage. Loaded Objects now: 3000.
Total: 2.394500 ms (FindLiveObjects: 0.508600 ms CreateObjectMapping: 0.112000 ms MarkObjects: 1.755600 ms  DeleteObjects: 0.017500 ms)

========================================================================
Received Prepare
Registering precompiled user dll's ...
Registered in 0.000945 seconds.
Begin MonoManager ReloadAssembly
Native extension for WindowsStandalone target not found
Refreshing native plugins compatible for Editor in 0.41 ms, found 0 plugins.
Preloading 0 native plugins for Editor in 0.00 ms.
Mono: successfully reloaded assembly
- Completed reload, in  0.583 seconds
Platform modules already initialized, skipping
Shader 'Universal Render Pipeline/Particles/Lit': fallback shader 'Universal Render Pipeline/Particles/SimpleLit' not found
Refreshing native plugins compatible for Editor in 0.42 ms, found 0 plugins.
Preloading 0 native plugins for Editor in 0.00 ms.
Unloading 2348 Unused Serialized files (Serialized files now loaded: 0)
System memory in use before: 113.9 MB.
System memory in use after: 114.1 MB.

Unloading 5 unused Assets to reduce memory usage. Loaded Objects now: 3003.
Total: 2.022000 ms (FindLiveObjects: 0.261200 ms CreateObjectMapping: 0.078600 ms MarkObjects: 1.664300 ms  DeleteObjects: 0.016200 ms)

========================================================================
Received Import Request.
  Time since last request: 1884.345334 seconds.
  path: Assets/Scenes/main.unity
  artifactKey: Guid(78a510c781f19db4da14f78ebb30946a) Importer(815301076,1909f56bfc062723c751e8b465ee728b)
Start importing Assets/Scenes/main.unity using Guid(78a510c781f19db4da14f78ebb30946a) Importer(815301076,1909f56bfc062723c751e8b465ee728b)  -> (artifact id: 'e09e026d29f27e26c1f61e162c9aa2ed') in 0.016078 seconds
  Import took 0.020650 seconds .

========================================================================
Received Import Request.
  Time since last request: 21.993012 seconds.
  path: Assets/Scripts/Scene2.cs
  artifactKey: Guid(57a5b7d885e73b54784b523cb39399c8) Importer(815301076,1909f56bfc062723c751e8b465ee728b)
Start importing Assets/Scripts/Scene2.cs using Guid(57a5b7d885e73b54784b523cb39399c8) Importer(815301076,1909f56bfc062723c751e8b465ee728b)  -> (artifact id: '0754ff58a45e9ab5200255c35a3bdad8') in 0.008402 seconds
  Import took 0.012835 seconds .

========================================================================
Received Prepare
Registering precompiled user dll's ...
Registered in 0.000876 seconds.
Begin MonoManager ReloadAssembly
Native extension for WindowsStandalone target not found
Refreshing native plugins compatible for Editor in 0.55 ms, found 0 plugins.
Preloading 0 native plugins for Editor in 0.00 ms.
Mono: successfully reloaded assembly
- Completed reload, in  0.635 seconds
Platform modules already initialized, skipping
Shader 'Universal Render Pipeline/Particles/Lit': fallback shader 'Universal Render Pipeline/Particles/SimpleLit' not found
Refreshing native plugins compatible for Editor in 0.43 ms, found 0 plugins.
Preloading 0 native plugins for Editor in 0.00 ms.
Unloading 2349 Unused Serialized files (Serialized files now loaded: 0)
System memory in use before: 114.0 MB.
System memory in use after: 114.2 MB.

Unloading 5 unused Assets to reduce memory usage. Loaded Objects now: 3007.
Total: 1.865900 ms (FindLiveObjects: 0.265400 ms CreateObjectMapping: 0.063500 ms MarkObjects: 1.522300 ms  DeleteObjects: 0.014200 ms)

========================================================================
Received Prepare
Registering precompiled user dll's ...
Registered in 0.000941 seconds.
Begin MonoManager ReloadAssembly
Native extension for WindowsStandalone target not found
Refreshing native plugins compatible for Editor in 0.42 ms, found 0 plugins.
Preloading 0 native plugins for Editor in 0.00 ms.
Mono: successfully reloaded assembly
- Completed reload, in  0.603 seconds
Platform modules already initialized, skipping
Shader 'Universal Render Pipeline/Particles/Lit': fallback shader 'Universal Render Pipeline/Particles/SimpleLit' not found
Refreshing native plugins compatible for Editor in 0.44 ms, found 0 plugins.
Preloading 0 native plugins for Editor in 0.00 ms.
Unloading 2349 Unused Serialized files (Serialized files now loaded: 0)
System memory in use before: 114.0 MB.
System memory in use after: 114.2 MB.

Unloading 5 unused Assets to reduce memory usage. Loaded Objects now: 3010.
Total: 2.335900 ms (FindLiveObjects: 0.459700 ms CreateObjectMapping: 0.093300 ms MarkObjects: 1.767200 ms  DeleteObjects: 0.014400 ms)

========================================================================
Received Import Request.
  Time since last request: 348.077237 seconds.
  path: Assets/Scripts/Scene2.cs
  artifactKey: Guid(57a5b7d885e73b54784b523cb39399c8) Importer(815301076,1909f56bfc062723c751e8b465ee728b)
Start importing Assets/Scripts/Scene2.cs using Guid(57a5b7d885e73b54784b523cb39399c8) Importer(815301076,1909f56bfc062723c751e8b465ee728b)  -> (artifact id: '2178b50877641f4670e7909046c83b82') in 0.005983 seconds
  Import took 0.010531 seconds .

========================================================================
Received Prepare
Registering precompiled user dll's ...
Registered in 0.000940 seconds.
Begin MonoManager ReloadAssembly
Native extension for WindowsStandalone target not found
Refreshing native plugins compatible for Editor in 0.42 ms, found 0 plugins.
Preloading 0 native plugins for Editor in 0.00 ms.
Mono: successfully reloaded assembly
- Completed reload, in  0.591 seconds
Platform modules already initialized, skipping
Shader 'Universal Render Pipeline/Particles/Lit': fallback shader 'Universal Render Pipeline/Particles/SimpleLit' not found
Refreshing native plugins compatible for Editor in 0.42 ms, found 0 plugins.
Preloading 0 native plugins for Editor in 0.00 ms.
Unloading 2349 Unused Serialized files (Serialized files now loaded: 0)
System memory in use before: 114.0 MB.
System memory in use after: 114.3 MB.

Unloading 5 unused Assets to reduce memory usage. Loaded Objects now: 3013.
Total: 2.622500 ms (FindLiveObjects: 0.514100 ms CreateObjectMapping: 0.112200 ms MarkObjects: 1.977200 ms  DeleteObjects: 0.015600 ms)

========================================================================
Received Prepare
Registering precompiled user dll's ...
Registered in 0.000853 seconds.
Begin MonoManager ReloadAssembly
Native extension for WindowsStandalone target not found
Refreshing native plugins compatible for Editor in 0.44 ms, found 0 plugins.
Preloading 0 native plugins for Editor in 0.00 ms.
Mono: successfully reloaded assembly
- Completed reload, in  0.603 seconds
Platform modules already initialized, skipping
Shader 'Universal Render Pipeline/Particles/Lit': fallback shader 'Universal Render Pipeline/Particles/SimpleLit' not found
Refreshing native plugins compatible for Editor in 0.39 ms, found 0 plugins.
Preloading 0 native plugins for Editor in 0.00 ms.
Unloading 2349 Unused Serialized files (Serialized files now loaded: 0)
System memory in use before: 114.0 MB.
System memory in use after: 114.3 MB.

Unloading 5 unused Assets to reduce memory usage. Loaded Objects now: 3016.
Total: 2.577800 ms (FindLiveObjects: 0.387700 ms CreateObjectMapping: 0.159500 ms MarkObjects: 2.007500 ms  DeleteObjects: 0.022100 ms)

========================================================================
Received Prepare
Registering precompiled user dll's ...
Registered in 0.000844 seconds.
Begin MonoManager ReloadAssembly
Native extension for WindowsStandalone target not found
Refreshing native plugins compatible for Editor in 0.40 ms, found 0 plugins.
Preloading 0 native plugins for Editor in 0.00 ms.
Mono: successfully reloaded assembly
- Completed reload, in  0.599 seconds
Platform modules already initialized, skipping
Shader 'Universal Render Pipeline/Particles/Lit': fallback shader 'Universal Render Pipeline/Particles/SimpleLit' not found
Refreshing native plugins compatible for Editor in 0.44 ms, found 0 plugins.
Preloading 0 native plugins for Editor in 0.00 ms.
Unloading 2349 Unused Serialized files (Serialized files now loaded: 0)
System memory in use before: 113.9 MB.
System memory in use after: 114.2 MB.

Unloading 5 unused Assets to reduce memory usage. Loaded Objects now: 3019.
Total: 2.070000 ms (FindLiveObjects: 0.273400 ms CreateObjectMapping: 0.064900 ms MarkObjects: 1.717900 ms  DeleteObjects: 0.013000 ms)

========================================================================
Received Import Request.
  Time since last request: 694.259536 seconds.
  path: Assets/Scenes/main.unity
  artifactKey: Guid(78a510c781f19db4da14f78ebb30946a) Importer(815301076,1909f56bfc062723c751e8b465ee728b)
Start importing Assets/Scenes/main.unity using Guid(78a510c781f19db4da14f78ebb30946a) Importer(815301076,1909f56bfc062723c751e8b465ee728b)  -> (artifact id: 'be1da88282b3a3887f759133b609969e') in 0.016152 seconds
  Import took 0.020571 seconds .

========================================================================
Received Prepare
Registering precompiled user dll's ...
Registered in 0.001063 seconds.
Begin MonoManager ReloadAssembly
Native extension for WindowsStandalone target not found
Refreshing native plugins compatible for Editor in 0.41 ms, found 0 plugins.
Preloading 0 native plugins for Editor in 0.00 ms.
Mono: successfully reloaded assembly
- Completed reload, in  0.595 seconds
Platform modules already initialized, skipping
Shader 'Universal Render Pipeline/Particles/Lit': fallback shader 'Universal Render Pipeline/Particles/SimpleLit' not found
Refreshing native plugins compatible for Editor in 0.46 ms, found 0 plugins.
Preloading 0 native plugins for Editor in 0.00 ms.
Unloading 2349 Unused Serialized files (Serialized files now loaded: 0)
System memory in use before: 114.1 MB.
System memory in use after: 114.3 MB.

Unloading 5 unused Assets to reduce memory usage. Loaded Objects now: 3022.
Total: 2.447500 ms (FindLiveObjects: 0.341900 ms CreateObjectMapping: 0.122200 ms MarkObjects: 1.969800 ms  DeleteObjects: 0.012800 ms)

========================================================================
Received Prepare
Registering precompiled user dll's ...
Registered in 0.000939 seconds.
Begin MonoManager ReloadAssembly
Native extension for WindowsStandalone target not found
Refreshing native plugins compatible for Editor in 0.42 ms, found 0 plugins.
Preloading 0 native plugins for Editor in 0.00 ms.
Mono: successfully reloaded assembly
- Completed reload, in  0.600 seconds
Platform modules already initialized, skipping
Shader 'Universal Render Pipeline/Particles/Lit': fallback shader 'Universal Render Pipeline/Particles/SimpleLit' not found
Refreshing native plugins compatible for Editor in 0.40 ms, found 0 plugins.
Preloading 0 native plugins for Editor in 0.00 ms.
Unloading 2349 Unused Serialized files (Serialized files now loaded: 0)
System memory in use before: 114.1 MB.
System memory in use after: 114.3 MB.

Unloading 5 unused Assets to reduce memory usage. Loaded Objects now: 3025.
Total: 2.765600 ms (FindLiveObjects: 0.441200 ms CreateObjectMapping: 0.085900 ms MarkObjects: 2.214600 ms  DeleteObjects: 0.022600 ms)

========================================================================
Received Import Request.
  Time since last request: 239.102595 seconds.
  path: Assets/Scenes/menu.unity
  artifactKey: Guid(722b5d536aed14e4298bf9d49a249321) Importer(815301076,1909f56bfc062723c751e8b465ee728b)
Start importing Assets/Scenes/menu.unity using Guid(722b5d536aed14e4298bf9d49a249321) Importer(815301076,1909f56bfc062723c751e8b465ee728b)  -> (artifact id: '7a443fa2713d1b00dd1e1b93a8ebb8f4') in 0.018776 seconds
  Import took 0.022547 seconds .

========================================================================
Received Prepare
Registering precompiled user dll's ...
Registered in 0.000865 seconds.
Begin MonoManager ReloadAssembly
Native extension for WindowsStandalone target not found
Refreshing native plugins compatible for Editor in 0.41 ms, found 0 plugins.
Preloading 0 native plugins for Editor in 0.00 ms.
Mono: successfully reloaded assembly
- Completed reload, in  0.596 seconds
Platform modules already initialized, skipping
Shader 'Universal Render Pipeline/Particles/Lit': fallback shader 'Universal Render Pipeline/Particles/SimpleLit' not found
Refreshing native plugins compatible for Editor in 0.40 ms, found 0 plugins.
Preloading 0 native plugins for Editor in 0.00 ms.
Unloading 2349 Unused Serialized files (Serialized files now loaded: 0)
System memory in use before: 114.1 MB.
System memory in use after: 114.3 MB.

Unloading 5 unused Assets to reduce memory usage. Loaded Objects now: 3028.
Total: 2.178500 ms (FindLiveObjects: 0.300200 ms CreateObjectMapping: 0.073700 ms MarkObjects: 1.791500 ms  DeleteObjects: 0.012000 ms)

========================================================================
Received Prepare
Registering precompiled user dll's ...
Registered in 0.000969 seconds.
Begin MonoManager ReloadAssembly
Native extension for WindowsStandalone target not found
Refreshing native plugins compatible for Editor in 0.44 ms, found 0 plugins.
Preloading 0 native plugins for Editor in 0.00 ms.
Mono: successfully reloaded assembly
- Completed reload, in  0.616 seconds
Platform modules already initialized, skipping
Shader 'Universal Render Pipeline/Particles/Lit': fallback shader 'Universal Render Pipeline/Particles/SimpleLit' not found
Refreshing native plugins compatible for Editor in 0.43 ms, found 0 plugins.
Preloading 0 native plugins for Editor in 0.00 ms.
Unloading 2349 Unused Serialized files (Serialized files now loaded: 0)
System memory in use before: 114.1 MB.
System memory in use after: 114.3 MB.

Unloading 5 unused Assets to reduce memory usage. Loaded Objects now: 3031.
Total: 3.295000 ms (FindLiveObjects: 0.782900 ms CreateObjectMapping: 0.220100 ms MarkObjects: 2.273500 ms  DeleteObjects: 0.016600 ms)

========================================================================
Received Prepare
Registering precompiled user dll's ...
Registered in 0.000963 seconds.
Begin MonoManager ReloadAssembly
Native extension for WindowsStandalone target not found
Refreshing native plugins compatible for Editor in 0.45 ms, found 0 plugins.
Preloading 0 native plugins for Editor in 0.00 ms.
Mono: successfully reloaded assembly
- Completed reload, in  0.595 seconds
Platform modules already initialized, skipping
Shader 'Universal Render Pipeline/Particles/Lit': fallback shader 'Universal Render Pipeline/Particles/SimpleLit' not found
Refreshing native plugins compatible for Editor in 0.39 ms, found 0 plugins.
Preloading 0 native plugins for Editor in 0.00 ms.
Unloading 2349 Unused Serialized files (Serialized files now loaded: 0)
System memory in use before: 114.0 MB.
System memory in use after: 114.2 MB.

Unloading 5 unused Assets to reduce memory usage. Loaded Objects now: 3034.
Total: 2.222700 ms (FindLiveObjects: 0.295300 ms CreateObjectMapping: 0.072800 ms MarkObjects: 1.841000 ms  DeleteObjects: 0.012400 ms)

========================================================================
Received Import Request.
  Time since last request: 2525.877266 seconds.
  path: Assets/Scripts/PlayerName.cs
  artifactKey: Guid(0c02c04285f6e17499d342671eb6133f) Importer(815301076,1909f56bfc062723c751e8b465ee728b)
Start importing Assets/Scripts/PlayerName.cs using Guid(0c02c04285f6e17499d342671eb6133f) Importer(815301076,1909f56bfc062723c751e8b465ee728b)  -> (artifact id: 'ce0a9dd0f7a0b08421a3794a0ea6504e') in 0.009837 seconds
  Import took 0.013896 seconds .

========================================================================
Received Import Request.
  Time since last request: 201.607321 seconds.
  path: Assets/Scripts/PlayerName.cs
  artifactKey: Guid(0c02c04285f6e17499d342671eb6133f) Importer(815301076,1909f56bfc062723c751e8b465ee728b)
Start importing Assets/Scripts/PlayerName.cs using Guid(0c02c04285f6e17499d342671eb6133f) Importer(815301076,1909f56bfc062723c751e8b465ee728b)  -> (artifact id: 'a1529d051d00147f29dda4f9b042a6dc') in 0.004028 seconds
  Import took 0.008332 seconds .

========================================================================
Received Prepare
Registering precompiled user dll's ...
Registered in 0.000972 seconds.
Begin MonoManager ReloadAssembly
Native extension for WindowsStandalone target not found
Refreshing native plugins compatible for Editor in 0.42 ms, found 0 plugins.
Preloading 0 native plugins for Editor in 0.00 ms.
Mono: successfully reloaded assembly
- Completed reload, in  0.596 seconds
Platform modules already initialized, skipping
Shader 'Universal Render Pipeline/Particles/Lit': fallback shader 'Universal Render Pipeline/Particles/SimpleLit' not found
Refreshing native plugins compatible for Editor in 0.41 ms, found 0 plugins.
Preloading 0 native plugins for Editor in 0.00 ms.
Unloading 2350 Unused Serialized files (Serialized files now loaded: 0)
System memory in use before: 114.1 MB.
System memory in use after: 114.3 MB.

Unloading 5 unused Assets to reduce memory usage. Loaded Objects now: 3038.
Total: 2.642600 ms (FindLiveObjects: 0.373100 ms CreateObjectMapping: 0.084400 ms MarkObjects: 2.169800 ms  DeleteObjects: 0.014000 ms)

========================================================================
Received Prepare
Registering precompiled user dll's ...
Registered in 0.000882 seconds.
Begin MonoManager ReloadAssembly
Native extension for WindowsStandalone target not found
Refreshing native plugins compatible for Editor in 0.41 ms, found 0 plugins.
Preloading 0 native plugins for Editor in 0.00 ms.
Mono: successfully reloaded assembly
- Completed reload, in  0.603 seconds
Platform modules already initialized, skipping
Shader 'Universal Render Pipeline/Particles/Lit': fallback shader 'Universal Render Pipeline/Particles/SimpleLit' not found
Refreshing native plugins compatible for Editor in 0.42 ms, found 0 plugins.
Preloading 0 native plugins for Editor in 0.00 ms.
Unloading 2350 Unused Serialized files (Serialized files now loaded: 0)
System memory in use before: 114.1 MB.
System memory in use after: 114.3 MB.

Unloading 5 unused Assets to reduce memory usage. Loaded Objects now: 3041.
Total: 2.124400 ms (FindLiveObjects: 0.310700 ms CreateObjectMapping: 0.067400 ms MarkObjects: 1.733600 ms  DeleteObjects: 0.011400 ms)

========================================================================
Received Prepare
Registering precompiled user dll's ...
Registered in 0.000917 seconds.
Begin MonoManager ReloadAssembly
Native extension for WindowsStandalone target not found
Refreshing native plugins compatible for Editor in 0.41 ms, found 0 plugins.
Preloading 0 native plugins for Editor in 0.00 ms.
Mono: successfully reloaded assembly
- Completed reload, in  0.586 seconds
Platform modules already initialized, skipping
Shader 'Universal Render Pipeline/Particles/Lit': fallback shader 'Universal Render Pipeline/Particles/SimpleLit' not found
Refreshing native plugins compatible for Editor in 0.40 ms, found 0 plugins.
Preloading 0 native plugins for Editor in 0.00 ms.
Unloading 2350 Unused Serialized files (Serialized files now loaded: 0)
System memory in use before: 114.1 MB.
System memory in use after: 114.4 MB.

Unloading 5 unused Assets to reduce memory usage. Loaded Objects now: 3044.
Total: 2.587800 ms (FindLiveObjects: 0.349000 ms CreateObjectMapping: 0.086100 ms MarkObjects: 2.129800 ms  DeleteObjects: 0.021400 ms)

========================================================================
Received Prepare
Registering precompiled user dll's ...
Registered in 0.000821 seconds.
Begin MonoManager ReloadAssembly
Native extension for WindowsStandalone target not found
Refreshing native plugins compatible for Editor in 0.41 ms, found 0 plugins.
Preloading 0 native plugins for Editor in 0.00 ms.
Mono: successfully reloaded assembly
- Completed reload, in  0.584 seconds
Platform modules already initialized, skipping
Shader 'Universal Render Pipeline/Particles/Lit': fallback shader 'Universal Render Pipeline/Particles/SimpleLit' not found
Refreshing native plugins compatible for Editor in 0.41 ms, found 0 plugins.
Preloading 0 native plugins for Editor in 0.00 ms.
Unloading 2350 Unused Serialized files (Serialized files now loaded: 0)
System memory in use before: 114.1 MB.
System memory in use after: 114.4 MB.

Unloading 5 unused Assets to reduce memory usage. Loaded Objects now: 3047.
Total: 1.924000 ms (FindLiveObjects: 0.271200 ms CreateObjectMapping: 0.064600 ms MarkObjects: 1.573800 ms  DeleteObjects: 0.013500 ms)

========================================================================
Received Prepare
Registering precompiled user dll's ...
Registered in 0.000921 seconds.
Begin MonoManager ReloadAssembly
Native extension for WindowsStandalone target not found
Refreshing native plugins compatible for Editor in 0.42 ms, found 0 plugins.
Preloading 0 native plugins for Editor in 0.00 ms.
Mono: successfully reloaded assembly
- Completed reload, in  0.594 seconds
Platform modules already initialized, skipping
Shader 'Universal Render Pipeline/Particles/Lit': fallback shader 'Universal Render Pipeline/Particles/SimpleLit' not found
Refreshing native plugins compatible for Editor in 0.44 ms, found 0 plugins.
Preloading 0 native plugins for Editor in 0.00 ms.
Unloading 2350 Unused Serialized files (Serialized files now loaded: 0)
System memory in use before: 114.0 MB.
System memory in use after: 114.3 MB.

Unloading 5 unused Assets to reduce memory usage. Loaded Objects now: 3050.
Total: 2.161600 ms (FindLiveObjects: 0.297900 ms CreateObjectMapping: 0.077000 ms MarkObjects: 1.773100 ms  DeleteObjects: 0.013000 ms)

========================================================================
Received Import Request.
  Time since last request: 369.683539 seconds.
  path: Assets/Scenes/menu.unity
  artifactKey: Guid(722b5d536aed14e4298bf9d49a249321) Importer(815301076,1909f56bfc062723c751e8b465ee728b)
Start importing Assets/Scenes/menu.unity using Guid(722b5d536aed14e4298bf9d49a249321) Importer(815301076,1909f56bfc062723c751e8b465ee728b)  -> (artifact id: '38866c243b96b0045686d3b8b4b97b34') in 0.012556 seconds
  Import took 0.016965 seconds .

========================================================================
Received Prepare
Registering precompiled user dll's ...
Registered in 0.001238 seconds.
Begin MonoManager ReloadAssembly
Native extension for WindowsStandalone target not found
Refreshing native plugins compatible for Editor in 0.40 ms, found 0 plugins.
Preloading 0 native plugins for Editor in 0.00 ms.
Mono: successfully reloaded assembly
- Completed reload, in  0.617 seconds
Platform modules already initialized, skipping
Shader 'Universal Render Pipeline/Particles/Lit': fallback shader 'Universal Render Pipeline/Particles/SimpleLit' not found
Refreshing native plugins compatible for Editor in 0.42 ms, found 0 plugins.
Preloading 0 native plugins for Editor in 0.00 ms.
Unloading 2350 Unused Serialized files (Serialized files now loaded: 0)
System memory in use before: 114.2 MB.
System memory in use after: 114.4 MB.

Unloading 5 unused Assets to reduce memory usage. Loaded Objects now: 3053.
Total: 2.435800 ms (FindLiveObjects: 0.596100 ms CreateObjectMapping: 0.087100 ms MarkObjects: 1.738400 ms  DeleteObjects: 0.012200 ms)

========================================================================
Received Import Request.
  Time since last request: 276.033546 seconds.
  path: Assets/Prefabs/GameManager.prefab
  artifactKey: Guid(d0d92a59ffc58bf4fb29a1d7aaf21236) Importer(815301076,1909f56bfc062723c751e8b465ee728b)
Start importing Assets/Prefabs/GameManager.prefab using Guid(d0d92a59ffc58bf4fb29a1d7aaf21236) Importer(815301076,1909f56bfc062723c751e8b465ee728b)  -> (artifact id: '719e01811bf3ac7e242e02f7087a4f43') in 0.025011 seconds
  Import took 0.029204 seconds .

========================================================================
Received Prepare
Registering precompiled user dll's ...
Registered in 0.001258 seconds.
Begin MonoManager ReloadAssembly
Native extension for WindowsStandalone target not found
Refreshing native plugins compatible for Editor in 0.42 ms, found 0 plugins.
Preloading 0 native plugins for Editor in 0.00 ms.
Mono: successfully reloaded assembly
- Completed reload, in  0.625 seconds
Platform modules already initialized, skipping
Shader 'Universal Render Pipeline/Particles/Lit': fallback shader 'Universal Render Pipeline/Particles/SimpleLit' not found
Refreshing native plugins compatible for Editor in 0.46 ms, found 0 plugins.
Preloading 0 native plugins for Editor in 0.00 ms.
Unloading 2350 Unused Serialized files (Serialized files now loaded: 0)
System memory in use before: 114.2 MB.
System memory in use after: 114.4 MB.

Unloading 5 unused Assets to reduce memory usage. Loaded Objects now: 3056.
Total: 2.668500 ms (FindLiveObjects: 0.276400 ms CreateObjectMapping: 0.084100 ms MarkObjects: 2.287800 ms  DeleteObjects: 0.017500 ms)

AssetImportWorkerClient::OnTransportError - code=2 error=End of file
